<?xml version='1.0' encoding='UTF-8'?>
<collection id="test-nlp.2020">
  <volume id="1">
    <meta>
      <booktitle>Proceedings of 1st Test of the New ACL Anthology ID Format</booktitle>
      <editor><first>Marcel</first><last>Bollmann</last></editor>
      <editor><first>Jane Q</first><last>Researcher</last></editor>
      <publisher>Association for Computational Linguistics</publisher>
      <address>Copenhagen</address>
      <month>January</month>
      <year>2020</year>
    </meta>
    <frontmatter>
      <url>test-nlp.2020-1.0</url>
    </frontmatter>
    <paper id="1">
      <title>Identifiers: Experimenting Imaginative Corporeality and Ideology</title>
      <author><first>Random</first><last>Title Generator</last></author>
      <pages>1â€“9</pages>
      <url>test-nlp.2020-1.1</url>
    </paper>
    <paper id="2">
      <title>Memory and Artifice: Dismembering the Invader in Identifiers</title>
      <author><first>Random</first><last>Title Generator</last></author>
      <pages>10-27</pages>
      <url>test-nlp.2020-1.2</url>
    </paper>
  </volume>
</collection>
